2014/05/20 19:38:43 Starting cygwin install, version 2.850
2014/05/20 19:38:43 User has backup/restore rights
2014/05/20 19:38:43 io_stream_cygfile: fopen(/etc/setup/setup.rc) failed 2 No such file or directory
2014/05/20 19:38:43 Current Directory: C:\Projects\Rod\dotfiles\cygwin
2014/05/20 19:38:43 Could not open service McShield for query, start and stop. McAfee may not be installed, or we don't have access.
2014/05/20 19:38:46 Ending cygwin install
2014/05/20 19:39:12 Starting cygwin install, version 2.850
2014/05/20 19:39:12 User has NO backup/restore rights
2014/05/20 19:39:12 
Command Line Options:
 -D --download                     Download from internet
 -L --local-install                Install from local directory
 -s --site                         Download site
 -O --only-site                    Ignore all sites except for -s
 -R --root                         Root installation directory
 -x --remove-packages              Specify packages to uninstall
 -c --remove-categories            Specify categories to uninstall
 -P --packages                     Specify packages to install
 -C --categories                   Specify entire categories to install
 -p --proxy                        HTTP/FTP proxy (host:port)
 -a --arch                         architecture to install (x86_64 or x86)
 -q --quiet-mode                   Unattended setup mode
 -M --package-manager              Semi-attended chooser-only mode
 -B --no-admin                     Do not check for and enforce running as
                                   Administrator
 -W --wait                         When elevating, wait for elevated child
                                   process
 -h --help                         print help
 -l --local-package-dir            Local package directory
 -r --no-replaceonreboot           Disable replacing in-use files on next
                                   reboot.
 -X --no-verify                    Don't verify setup.ini signatures
 -n --no-shortcuts                 Disable creation of desktop and start menu
                                   shortcuts
 -N --no-startmenu                 Disable creation of start menu shortcut
 -d --no-desktop                   Disable creation of desktop shortcut
 -K --pubkey                       URL of extra public key file (gpg format)
 -S --sexpr-pubkey                 Extra public key in s-expr format
 -u --untrusted-keys               Use untrusted keys from last-extrakeys
 -U --keep-untrusted-keys          Use untrusted keys and retain all
 -g --upgrade-also                 also upgrade installed packages
 -o --delete-orphans               remove orphaned packages
 -A --disable-buggy-antivirus      Disable known or suspected buggy anti virus
                                   software packages during execution.
Ending cygwin install
